[0m22:47:14.558873 [debug] [MainThread]: Sending event: {'category': 'dbt', 'action': 'invocation', 'label': 'start', 'context': [<snowplow_tracker.self_describing_json.SelfDescribingJson object at 0x0000012145DE2470>, <snowplow_tracker.self_describing_json.SelfDescribingJson object at 0x0000012147119630>, <snowplow_tracker.self_describing_json.SelfDescribingJson object at 0x0000012147119450>]}


============================== 22:47:14.562934 | a5c30d0f-e925-408b-8acf-dc1ad73d3b05 ==============================
[0m22:47:14.562934 [info ] [MainThread]: Running with dbt=1.10.15
[0m22:47:14.562934 [debug] [MainThread]: running dbt with arguments {'version_check': 'True', 'no_print': 'None', 'static_parser': 'True', 'warn_error_options': 'WarnErrorOptionsV2(error=[], warn=[], silence=[])', 'target_path': 'None', 'printer_width': '80', 'write_json': 'True', 'introspect': 'True', 'log_cache_events': 'False', 'empty': 'False', 'cache_selected_only': 'False', 'fail_fast': 'False', 'debug': 'False', 'log_format': 'default', 'profiles_dir': 'C:\\Users\\kumar\\.dbt', 'send_anonymous_usage_stats': 'True', 'quiet': 'False', 'warn_error': 'None', 'partial_parse': 'True', 'invocation_command': 'dbt run', 'use_colors': 'True', 'indirect_selection': 'eager', 'use_experimental_parser': 'False', 'log_path': 'C:\\Users\\kumar\\Documents\\Spotify Realtime data analysis\\spotify_dbt\\spotify_dbt\\logs'}
[0m22:47:15.607789 [debug] [MainThread]: Snowflake adapter: Setting snowflake.connector to ERROR (file logging only)
[0m22:47:15.609297 [debug] [MainThread]: Snowflake adapter: Setting botocore to ERROR (file logging only)
[0m22:47:15.609841 [debug] [MainThread]: Snowflake adapter: Setting boto3 to ERROR (file logging only)
[0m22:47:15.907147 [debug] [MainThread]: Sending event: {'category': 'dbt', 'action': 'project_id', 'label': 'a5c30d0f-e925-408b-8acf-dc1ad73d3b05', 'context': [<snowplow_tracker.self_describing_json.SelfDescribingJson object at 0x0000012143B56C80>]}
[0m22:47:16.057272 [debug] [MainThread]: Sending event: {'category': 'dbt', 'action': 'adapter_info', 'label': 'a5c30d0f-e925-408b-8acf-dc1ad73d3b05', 'context': [<snowplow_tracker.self_describing_json.SelfDescribingJson object at 0x0000012167B72E60>]}
[0m22:47:16.057272 [info ] [MainThread]: Registered adapter: snowflake=1.10.3
[0m22:47:16.882133 [debug] [MainThread]: checksum: 14a228079bd6df63ba81633f9a3cf44ecfaa31056ac397c602753ec895dbf885, vars: {}, profile: , target: , version: 1.10.15
[0m22:47:16.882133 [info ] [MainThread]: Unable to do partial parsing because saved manifest not found. Starting full parse.
[0m22:47:16.887086 [debug] [MainThread]: Sending event: {'category': 'dbt', 'action': 'partial_parser', 'label': 'a5c30d0f-e925-408b-8acf-dc1ad73d3b05', 'context': [<snowplow_tracker.self_describing_json.SelfDescribingJson object at 0x0000012167B94910>]}
[0m22:47:18.035161 [error] [MainThread]: Encountered an error:
Compilation Error
  Model 'model.spotify_dbt.spotify_silver' (models\silver\spotify_silver.sql) depends on a source named 'bronze.spotify_events_bronze' which was not found
[0m22:47:18.036753 [debug] [MainThread]: Command `dbt run` failed at 22:47:18.036753 after 3.57 seconds
[0m22:47:18.037259 [debug] [MainThread]: Sending event: {'category': 'dbt', 'action': 'invocation', 'label': 'end', 'context': [<snowplow_tracker.self_describing_json.SelfDescribingJson object at 0x0000012145DE2470>, <snowplow_tracker.self_describing_json.SelfDescribingJson object at 0x0000012168240730>, <snowplow_tracker.self_describing_json.SelfDescribingJson object at 0x0000012168240670>]}
[0m22:47:18.037259 [debug] [MainThread]: Flushing usage events
[0m22:47:19.899393 [debug] [MainThread]: An error was encountered while trying to flush usage events
[0m22:51:16.927302 [debug] [MainThread]: Sending event: {'category': 'dbt', 'action': 'invocation', 'label': 'start', 'context': [<snowplow_tracker.self_describing_json.SelfDescribingJson object at 0x00000209FF5624D0>, <snowplow_tracker.self_describing_json.SelfDescribingJson object at 0x0000020980A79630>, <snowplow_tracker.self_describing_json.SelfDescribingJson object at 0x0000020980A79450>]}


============================== 22:51:16.931528 | 5da73131-b9f7-4c2f-9ea2-f63d03fbae47 ==============================
[0m22:51:16.931528 [info ] [MainThread]: Running with dbt=1.10.15
[0m22:51:16.931528 [debug] [MainThread]: running dbt with arguments {'static_parser': 'True', 'no_print': 'None', 'version_check': 'True', 'warn_error_options': 'WarnErrorOptionsV2(error=[], warn=[], silence=[])', 'target_path': 'None', 'printer_width': '80', 'write_json': 'True', 'introspect': 'True', 'log_cache_events': 'False', 'empty': 'False', 'cache_selected_only': 'False', 'fail_fast': 'False', 'debug': 'False', 'log_format': 'default', 'partial_parse': 'True', 'send_anonymous_usage_stats': 'True', 'quiet': 'False', 'warn_error': 'None', 'profiles_dir': 'C:\\Users\\kumar\\.dbt', 'indirect_selection': 'eager', 'invocation_command': 'dbt run', 'use_colors': 'True', 'use_experimental_parser': 'False', 'log_path': 'C:\\Users\\kumar\\Documents\\Spotify Realtime data analysis\\spotify_dbt\\spotify_dbt\\logs'}
[0m22:51:17.947880 [debug] [MainThread]: Snowflake adapter: Setting snowflake.connector to ERROR (file logging only)
[0m22:51:17.948931 [debug] [MainThread]: Snowflake adapter: Setting botocore to ERROR (file logging only)
[0m22:51:17.948931 [debug] [MainThread]: Snowflake adapter: Setting boto3 to ERROR (file logging only)
[0m22:51:18.235460 [debug] [MainThread]: Sending event: {'category': 'dbt', 'action': 'project_id', 'label': '5da73131-b9f7-4c2f-9ea2-f63d03fbae47', 'context': [<snowplow_tracker.self_describing_json.SelfDescribingJson object at 0x00000209FCAE6CE0>]}
[0m22:51:18.369708 [debug] [MainThread]: Sending event: {'category': 'dbt', 'action': 'adapter_info', 'label': '5da73131-b9f7-4c2f-9ea2-f63d03fbae47', 'context': [<snowplow_tracker.self_describing_json.SelfDescribingJson object at 0x00000209807D3F70>]}
[0m22:51:18.369708 [info ] [MainThread]: Registered adapter: snowflake=1.10.3
[0m22:51:19.193702 [debug] [MainThread]: checksum: 14a228079bd6df63ba81633f9a3cf44ecfaa31056ac397c602753ec895dbf885, vars: {}, profile: , target: , version: 1.10.15
[0m22:51:19.197715 [info ] [MainThread]: Unable to do partial parsing because saved manifest not found. Starting full parse.
[0m22:51:19.199707 [debug] [MainThread]: Sending event: {'category': 'dbt', 'action': 'partial_parser', 'label': '5da73131-b9f7-4c2f-9ea2-f63d03fbae47', 'context': [<snowplow_tracker.self_describing_json.SelfDescribingJson object at 0x000002098088A020>]}
[0m22:51:20.370184 [error] [MainThread]: Encountered an error:
Compilation Error
  Model 'model.spotify_dbt.spotify_silver' (models\silver\spotify_silver.sql) depends on a source named 'bronze.SPOTIFY_EVENTS_BRONZE' which was not found
[0m22:51:20.370184 [debug] [MainThread]: Command `dbt run` failed at 22:51:20.370184 after 3.53 seconds
[0m22:51:20.370184 [debug] [MainThread]: Sending event: {'category': 'dbt', 'action': 'invocation', 'label': 'end', 'context': [<snowplow_tracker.self_describing_json.SelfDescribingJson object at 0x00000209FF5624D0>, <snowplow_tracker.self_describing_json.SelfDescribingJson object at 0x00000209A1BA08B0>, <snowplow_tracker.self_describing_json.SelfDescribingJson object at 0x00000209A1BA0970>]}
[0m22:51:20.370184 [debug] [MainThread]: Flushing usage events
[0m22:51:22.492043 [debug] [MainThread]: An error was encountered while trying to flush usage events
[0m22:58:28.553297 [debug] [MainThread]: Sending event: {'category': 'dbt', 'action': 'invocation', 'label': 'start', 'context': [<snowplow_tracker.self_describing_json.SelfDescribingJson object at 0x000001F786AF6440>, <snowplow_tracker.self_describing_json.SelfDescribingJson object at 0x000001F787E19600>, <snowplow_tracker.self_describing_json.SelfDescribingJson object at 0x000001F787E19420>]}


============================== 22:58:28.557100 | 3a3d4cc4-e9b6-4f78-a696-72dba0ccca2b ==============================
[0m22:58:28.557100 [info ] [MainThread]: Running with dbt=1.10.15
[0m22:58:28.558716 [debug] [MainThread]: running dbt with arguments {'version_check': 'True', 'no_print': 'None', 'static_parser': 'True', 'warn_error_options': 'WarnErrorOptionsV2(error=[], warn=[], silence=[])', 'target_path': 'None', 'printer_width': '80', 'write_json': 'True', 'introspect': 'True', 'log_cache_events': 'False', 'empty': 'False', 'cache_selected_only': 'False', 'fail_fast': 'False', 'debug': 'False', 'log_format': 'default', 'partial_parse': 'True', 'send_anonymous_usage_stats': 'True', 'quiet': 'False', 'warn_error': 'None', 'profiles_dir': 'C:\\Users\\kumar\\.dbt', 'invocation_command': 'dbt run', 'use_colors': 'True', 'indirect_selection': 'eager', 'use_experimental_parser': 'False', 'log_path': 'C:\\Users\\kumar\\Documents\\Spotify Realtime data analysis\\spotify_dbt\\spotify_dbt\\logs'}
[0m22:58:29.716892 [debug] [MainThread]: Snowflake adapter: Setting snowflake.connector to ERROR (file logging only)
[0m22:58:29.716892 [debug] [MainThread]: Snowflake adapter: Setting botocore to ERROR (file logging only)
[0m22:58:29.716892 [debug] [MainThread]: Snowflake adapter: Setting boto3 to ERROR (file logging only)
[0m22:58:30.002486 [debug] [MainThread]: Sending event: {'category': 'dbt', 'action': 'project_id', 'label': '3a3d4cc4-e9b6-4f78-a696-72dba0ccca2b', 'context': [<snowplow_tracker.self_describing_json.SelfDescribingJson object at 0x000001F784866C50>]}
[0m22:58:30.152299 [debug] [MainThread]: Sending event: {'category': 'dbt', 'action': 'adapter_info', 'label': '3a3d4cc4-e9b6-4f78-a696-72dba0ccca2b', 'context': [<snowplow_tracker.self_describing_json.SelfDescribingJson object at 0x000001F787DDA260>]}
[0m22:58:30.152803 [info ] [MainThread]: Registered adapter: snowflake=1.10.3
[0m22:58:31.080477 [debug] [MainThread]: checksum: 14a228079bd6df63ba81633f9a3cf44ecfaa31056ac397c602753ec895dbf885, vars: {}, profile: , target: , version: 1.10.15
[0m22:58:31.081590 [info ] [MainThread]: Unable to do partial parsing because saved manifest not found. Starting full parse.
[0m22:58:31.082871 [debug] [MainThread]: Sending event: {'category': 'dbt', 'action': 'partial_parser', 'label': '3a3d4cc4-e9b6-4f78-a696-72dba0ccca2b', 'context': [<snowplow_tracker.self_describing_json.SelfDescribingJson object at 0x000001F787D63FD0>]}
[0m22:58:32.553612 [warn ] [MainThread]: [[33mWARNING[0m]: Configuration paths exist in your dbt_project.yml file which do not apply to any resources.
There are 1 unused configuration paths:
- models.spotify_dbt.example
[0m22:58:32.563771 [debug] [MainThread]: Sending event: {'category': 'dbt', 'action': 'load_project', 'label': '3a3d4cc4-e9b6-4f78-a696-72dba0ccca2b', 'context': [<snowplow_tracker.self_describing_json.SelfDescribingJson object at 0x000001F7A914BFA0>]}
[0m22:58:32.658273 [debug] [MainThread]: Wrote artifact WritableManifest to C:\Users\kumar\Documents\Spotify Realtime data analysis\spotify_dbt\spotify_dbt\target\manifest.json
[0m22:58:32.686495 [debug] [MainThread]: Wrote artifact SemanticManifest to C:\Users\kumar\Documents\Spotify Realtime data analysis\spotify_dbt\spotify_dbt\target\semantic_manifest.json
[0m22:58:32.720362 [debug] [MainThread]: Sending event: {'category': 'dbt', 'action': 'resource_counts', 'label': '3a3d4cc4-e9b6-4f78-a696-72dba0ccca2b', 'context': [<snowplow_tracker.self_describing_json.SelfDescribingJson object at 0x000001F7A91202B0>]}
[0m22:58:32.720362 [info ] [MainThread]: Found 3 models, 1 source, 479 macros
[0m22:58:32.725014 [debug] [MainThread]: Sending event: {'category': 'dbt', 'action': 'runnable_timing', 'label': '3a3d4cc4-e9b6-4f78-a696-72dba0ccca2b', 'context': [<snowplow_tracker.self_describing_json.SelfDescribingJson object at 0x000001F7A905B400>]}
[0m22:58:32.726293 [info ] [MainThread]: 
[0m22:58:32.726293 [info ] [MainThread]: Concurrency: 3 threads (target='dev')
[0m22:58:32.728304 [info ] [MainThread]: 
[0m22:58:32.728304 [debug] [MainThread]: Acquiring new snowflake connection 'master'
[0m22:58:32.736873 [debug] [ThreadPool]: Acquiring new snowflake connection 'list_SPOTIFY_DB'
[0m22:58:36.462874 [debug] [ThreadPool]: Using snowflake connection "list_SPOTIFY_DB"
[0m22:58:36.462874 [debug] [ThreadPool]: On list_SPOTIFY_DB: show terse schemas in database SPOTIFY_DB
    limit 10000
/* {"app": "dbt", "dbt_version": "1.10.15", "profile_name": "spotify_dbt", "target_name": "dev", "connection_name": "list_SPOTIFY_DB"} */
[0m22:58:36.463891 [debug] [ThreadPool]: Opening a new connection, currently in state init
[0m22:58:39.647609 [debug] [ThreadPool]: SQL status: SUCCESS 4 in 3.183 seconds
[0m22:58:39.652168 [debug] [ThreadPool]: Acquiring new snowflake connection 'list_SPOTIFY_DB_transform'
[0m22:58:39.676989 [debug] [ThreadPool]: Using snowflake connection "list_SPOTIFY_DB_transform"
[0m22:58:39.678269 [debug] [ThreadPool]: On list_SPOTIFY_DB_transform: show objects in SPOTIFY_DB.transform
    limit 10000
    

/* {"app": "dbt", "dbt_version": "1.10.15", "profile_name": "spotify_dbt", "target_name": "dev", "connection_name": "list_SPOTIFY_DB_transform"} */;
[0m22:58:39.678269 [debug] [ThreadPool]: Opening a new connection, currently in state init
[0m22:58:40.566788 [debug] [ThreadPool]: SQL status: SUCCESS 0 in 0.889 seconds
[0m22:58:40.571076 [debug] [MainThread]: Sending event: {'category': 'dbt', 'action': 'runnable_timing', 'label': '3a3d4cc4-e9b6-4f78-a696-72dba0ccca2b', 'context': [<snowplow_tracker.self_describing_json.SelfDescribingJson object at 0x000001F7A9059090>]}
[0m22:58:40.576159 [debug] [Thread-1 (]: Began running node model.spotify_dbt.spotify_silver
[0m22:58:40.576159 [info ] [Thread-1 (]: 1 of 3 START sql view model transform.spotify_silver ........................... [RUN]
[0m22:58:40.576159 [debug] [Thread-1 (]: Acquiring new snowflake connection 'model.spotify_dbt.spotify_silver'
[0m22:58:40.576159 [debug] [Thread-1 (]: Began compiling node model.spotify_dbt.spotify_silver
[0m22:58:40.592753 [debug] [Thread-1 (]: Writing injected SQL for node "model.spotify_dbt.spotify_silver"
[0m22:58:40.593754 [debug] [Thread-1 (]: Began executing node model.spotify_dbt.spotify_silver
[0m22:58:40.638227 [debug] [Thread-1 (]: Writing runtime sql for node "model.spotify_dbt.spotify_silver"
[0m22:58:40.643726 [debug] [Thread-1 (]: Using snowflake connection "model.spotify_dbt.spotify_silver"
[0m22:58:40.643726 [debug] [Thread-1 (]: On model.spotify_dbt.spotify_silver: create or replace   view SPOTIFY_DB.transform.spotify_silver
  
  
  
  
  as (
    WITH bronze_data AS (
    SELECT
        event_id,
        user_id,
        song_id,
        artist_name,
        song_name,
        event_type,
        device_type,
        country,
        TRY_TO_TIMESTAMP_TZ(timestamp) AS event_ts
    from SPOTIFY_DB.BRONZE.spotify_events_bronze
)
SELECT *
FROM bronze_data
WHERE event_id IS NOT NULL
AND user_id IS NOT NULL
AND song_id IS NOT NULL
AND event_ts IS NOT NULL
  )
/* {"app": "dbt", "dbt_version": "1.10.15", "profile_name": "spotify_dbt", "target_name": "dev", "node_id": "model.spotify_dbt.spotify_silver"} */;
[0m22:58:40.643726 [debug] [Thread-1 (]: Opening a new connection, currently in state init
[0m22:58:41.692084 [debug] [Thread-1 (]: SQL status: SUCCESS 1 in 1.049 seconds
[0m22:58:41.722917 [debug] [Thread-1 (]: Sending event: {'category': 'dbt', 'action': 'run_model', 'label': '3a3d4cc4-e9b6-4f78-a696-72dba0ccca2b', 'context': [<snowplow_tracker.self_describing_json.SelfDescribingJson object at 0x000001F784867700>]}
[0m22:58:41.725267 [info ] [Thread-1 (]: 1 of 3 OK created sql view model transform.spotify_silver ...................... [[32mSUCCESS 1[0m in 1.14s]
[0m22:58:41.725781 [debug] [Thread-1 (]: Finished running node model.spotify_dbt.spotify_silver
[0m22:58:41.725781 [debug] [Thread-3 (]: Began running node model.spotify_dbt.top_songs
[0m22:58:41.728608 [debug] [Thread-2 (]: Began running node model.spotify_dbt.user_engagement
[0m22:58:41.729971 [info ] [Thread-3 (]: 2 of 3 START sql view model transform.top_songs ................................ [RUN]
[0m22:58:41.731501 [debug] [Thread-3 (]: Acquiring new snowflake connection 'model.spotify_dbt.top_songs'
[0m22:58:41.730478 [info ] [Thread-2 (]: 3 of 3 START sql view model transform.user_engagement .......................... [RUN]
[0m22:58:41.732707 [debug] [Thread-3 (]: Began compiling node model.spotify_dbt.top_songs
[0m22:58:41.733216 [debug] [Thread-2 (]: Acquiring new snowflake connection 'model.spotify_dbt.user_engagement'
[0m22:58:41.737898 [debug] [Thread-3 (]: Writing injected SQL for node "model.spotify_dbt.top_songs"
[0m22:58:41.737898 [debug] [Thread-2 (]: Began compiling node model.spotify_dbt.user_engagement
[0m22:58:41.743823 [debug] [Thread-2 (]: Writing injected SQL for node "model.spotify_dbt.user_engagement"
[0m22:58:41.748707 [debug] [Thread-3 (]: Began executing node model.spotify_dbt.top_songs
[0m22:58:41.749816 [debug] [Thread-2 (]: Began executing node model.spotify_dbt.user_engagement
[0m22:58:41.754677 [debug] [Thread-3 (]: Writing runtime sql for node "model.spotify_dbt.top_songs"
[0m22:58:41.761421 [debug] [Thread-2 (]: Writing runtime sql for node "model.spotify_dbt.user_engagement"
[0m22:58:41.764561 [debug] [Thread-3 (]: Using snowflake connection "model.spotify_dbt.top_songs"
[0m22:58:41.764561 [debug] [Thread-3 (]: On model.spotify_dbt.top_songs: create or replace   view SPOTIFY_DB.transform.top_songs
  
  
  
  
  as (
    SELECT
    song_id,
    song_name,
    artist_name,
    COUNT(CASE WHEN event_type = 'play' THEN 1 END) AS total_plays,
    COUNT(CASE WHEN event_type = 'skip' THEN 1 END) AS total_skips
FROM SPOTIFY_DB.transform.spotify_silver
GROUP BY song_id, song_name, artist_name
ORDER BY total_plays DESC
  )
/* {"app": "dbt", "dbt_version": "1.10.15", "profile_name": "spotify_dbt", "target_name": "dev", "node_id": "model.spotify_dbt.top_songs"} */;
[0m22:58:41.764561 [debug] [Thread-2 (]: Using snowflake connection "model.spotify_dbt.user_engagement"
[0m22:58:41.764561 [debug] [Thread-3 (]: Opening a new connection, currently in state init
[0m22:58:41.769294 [debug] [Thread-2 (]: On model.spotify_dbt.user_engagement: create or replace   view SPOTIFY_DB.transform.user_engagement
  
  
  
  
  as (
    SELECT
    user_id,
    device_type,
    country,
    COUNT(CASE WHEN event_type = 'play' THEN 1 END) AS plays,
    COUNT(CASE WHEN event_type = 'skip' THEN 1 END) AS skips,
    COUNT(CASE WHEN event_type = 'add_to_playlist' THEN 1 END) AS playlist_adds,
    DATE_TRUNC('day', event_ts) AS day
FROM SPOTIFY_DB.transform.spotify_silver
GROUP BY user_id, device_type, country, DATE_TRUNC('day', event_ts)
ORDER BY plays DESC
  )
/* {"app": "dbt", "dbt_version": "1.10.15", "profile_name": "spotify_dbt", "target_name": "dev", "node_id": "model.spotify_dbt.user_engagement"} */;
[0m22:58:41.770348 [debug] [Thread-2 (]: Opening a new connection, currently in state init
[0m22:58:42.627984 [debug] [Thread-3 (]: SQL status: SUCCESS 1 in 0.861 seconds
[0m22:58:42.627984 [debug] [Thread-3 (]: Sending event: {'category': 'dbt', 'action': 'run_model', 'label': '3a3d4cc4-e9b6-4f78-a696-72dba0ccca2b', 'context': [<snowplow_tracker.self_describing_json.SelfDescribingJson object at 0x000001F7A8F5EF50>]}
[0m22:58:42.627984 [debug] [Thread-2 (]: SQL status: SUCCESS 1 in 0.864 seconds
[0m22:58:42.627984 [info ] [Thread-3 (]: 2 of 3 OK created sql view model transform.top_songs ........................... [[32mSUCCESS 1[0m in 0.90s]
[0m22:58:42.636935 [debug] [Thread-2 (]: Sending event: {'category': 'dbt', 'action': 'run_model', 'label': '3a3d4cc4-e9b6-4f78-a696-72dba0ccca2b', 'context': [<snowplow_tracker.self_describing_json.SelfDescribingJson object at 0x000001F7A8FE5510>]}
[0m22:58:42.636935 [debug] [Thread-3 (]: Finished running node model.spotify_dbt.top_songs
[0m22:58:42.638985 [info ] [Thread-2 (]: 3 of 3 OK created sql view model transform.user_engagement ..................... [[32mSUCCESS 1[0m in 0.90s]
[0m22:58:42.640411 [debug] [Thread-2 (]: Finished running node model.spotify_dbt.user_engagement
[0m22:58:42.642430 [debug] [MainThread]: Connection 'master' was properly closed.
[0m22:58:42.642845 [debug] [MainThread]: Connection 'list_SPOTIFY_DB' was left open.
[0m22:58:42.642845 [debug] [MainThread]: On list_SPOTIFY_DB: Close
[0m22:58:42.909134 [debug] [MainThread]: Connection 'list_SPOTIFY_DB_transform' was left open.
[0m22:58:42.910710 [debug] [MainThread]: On list_SPOTIFY_DB_transform: Close
[0m22:58:43.192728 [debug] [MainThread]: Connection 'model.spotify_dbt.spotify_silver' was left open.
[0m22:58:43.194807 [debug] [MainThread]: On model.spotify_dbt.spotify_silver: Close
[0m22:58:43.430866 [debug] [MainThread]: Connection 'model.spotify_dbt.top_songs' was left open.
[0m22:58:43.431874 [debug] [MainThread]: On model.spotify_dbt.top_songs: Close
[0m22:58:43.678052 [debug] [MainThread]: Connection 'model.spotify_dbt.user_engagement' was left open.
[0m22:58:43.678052 [debug] [MainThread]: On model.spotify_dbt.user_engagement: Close
[0m22:58:43.920955 [info ] [MainThread]: 
[0m22:58:43.920955 [info ] [MainThread]: Finished running 3 view models in 0 hours 0 minutes and 11.19 seconds (11.19s).
[0m22:58:43.931078 [debug] [MainThread]: Command end result
[0m22:58:43.965479 [debug] [MainThread]: Wrote artifact WritableManifest to C:\Users\kumar\Documents\Spotify Realtime data analysis\spotify_dbt\spotify_dbt\target\manifest.json
[0m22:58:43.971816 [debug] [MainThread]: Wrote artifact SemanticManifest to C:\Users\kumar\Documents\Spotify Realtime data analysis\spotify_dbt\spotify_dbt\target\semantic_manifest.json
[0m22:58:43.979964 [debug] [MainThread]: Wrote artifact RunExecutionResult to C:\Users\kumar\Documents\Spotify Realtime data analysis\spotify_dbt\spotify_dbt\target\run_results.json
[0m22:58:43.979964 [info ] [MainThread]: 
[0m22:58:43.983057 [info ] [MainThread]: [32mCompleted successfully[0m
[0m22:58:43.983057 [info ] [MainThread]: 
[0m22:58:43.983057 [info ] [MainThread]: Done. PASS=3 WARN=0 ERROR=0 SKIP=0 NO-OP=0 TOTAL=3
[0m22:58:43.986423 [debug] [MainThread]: Command `dbt run` succeeded at 22:58:43.986423 after 15.52 seconds
[0m22:58:43.986933 [debug] [MainThread]: Sending event: {'category': 'dbt', 'action': 'invocation', 'label': 'end', 'context': [<snowplow_tracker.self_describing_json.SelfDescribingJson object at 0x000001F786AF6440>, <snowplow_tracker.self_describing_json.SelfDescribingJson object at 0x000001F7A9121210>, <snowplow_tracker.self_describing_json.SelfDescribingJson object at 0x000001F7A9123190>]}
[0m22:58:43.986933 [debug] [MainThread]: Flushing usage events
[0m22:58:45.783785 [debug] [MainThread]: An error was encountered while trying to flush usage events
